<?xml version="1.0" encoding="UTF-8"?>
<!-- Generated by org.testng.reporters.JUnitReportReporter -->
<testsuite skipped="0" hostname="LAPTOP-1OPG4PT1" name="com.youtube.scripts.SignInYoutubeScript" tests="1" failures="0" timestamp="2020-09-23T23:44:43 IST" time="36.209" errors="0">
  <testcase name="SignInYoutube" time="36.209" classname="com.youtube.scripts.SignInYoutubeScript"/>
  <system-out/>
</testsuite> <!-- com.youtube.scripts.SignInYoutubeScript -->
