<?xml version="1.0" encoding="UTF-8"?>
<!-- Generated by org.testng.reporters.JUnitReportReporter -->
<testsuite skipped="0" hostname="LAPTOP-1OPG4PT1" name="com.youtube.scripts.SubscribeScript" tests="1" failures="0" timestamp="2020-09-24T00:27:52 IST" time="38.189" errors="0">
  <testcase name="subscriberFifthhUser" time="38.189" classname="com.youtube.scripts.SubscribeScript"/>
  <system-out/>
</testsuite> <!-- com.youtube.scripts.SubscribeScript -->
