<?xml version="1.0" encoding="UTF-8"?>
<!-- Generated by org.testng.reporters.JUnitReportReporter -->
<testsuite skipped="0" hostname="LAPTOP-1OPG4PT1" name="com.youtube.scripts.SignInYoutubeScript" tests="1" failures="0" timestamp="2020-09-24T10:53:28 IST" time="24.248" errors="0">
  <testcase name="SignInYoutube" time="24.248" classname="com.youtube.scripts.SignInYoutubeScript"/>
  <system-out>
Sign in successfully  </system-out>
</testsuite> <!-- com.youtube.scripts.SignInYoutubeScript -->
