<?xml version="1.0" encoding="UTF-8"?>
<!-- Generated by org.testng.reporters.JUnitReportReporter -->
<testsuite skipped="0" hostname="LAPTOP-1OPG4PT1" name="com.youtube.scripts.SubscribeScript" tests="5" failures="0" timestamp="2020-09-24T10:53:28 IST" time="170.183" errors="0">
  <testcase name="subscribeFirstUser" time="33.654" classname="com.youtube.scripts.SubscribeScript"/>
  <system-out>
First user successfully subscribed  </system-out>
  <testcase name="subscriberSecondUser" time="31.387" classname="com.youtube.scripts.SubscribeScript"/>
  <system-out>
Second user successfully subscribed  </system-out>
  <testcase name="subscriberThirdUser" time="34.908" classname="com.youtube.scripts.SubscribeScript"/>
  <system-out>
Third user successfully subscribed  </system-out>
  <testcase name="subscriberFourthUser" time="37.075" classname="com.youtube.scripts.SubscribeScript"/>
  <system-out>
Fourth user successfully subscribed  </system-out>
  <testcase name="subscriberFifthhUser" time="33.159" classname="com.youtube.scripts.SubscribeScript"/>
  <system-out>
Fifth user successfully subscribed  </system-out>
</testsuite> <!-- com.youtube.scripts.SubscribeScript -->
