<?xml version="1.0" encoding="UTF-8"?>
<!-- Generated by org.testng.reporters.JUnitReportReporter -->
<testsuite skipped="0" hostname="LAPTOP-1OPG4PT1" name="com.youtube.scripts.LikeVideoAndCommentScript" tests="1" failures="0" timestamp="2020-09-24T10:53:28 IST" time="38.349" errors="0">
  <testcase name="likeVideoAndComment" time="38.349" classname="com.youtube.scripts.LikeVideoAndCommentScript"/>
  <system-out>
Video Like and Comment Successfully  </system-out>
</testsuite> <!-- com.youtube.scripts.LikeVideoAndCommentScript -->
